android/app/build/outputs/logs/manifest-merger-release-report.txt
-- Merging decision tree log ---
application
INJECTED from src/main/AndroidManifest.xml:13:4-43:19
MERGED from [:flutter_local_notifications] AndroidManifest.xml:13:5-27:19
MERGED from [:flutter_local_notifications] AndroidManifest.xml:13:5-27:19
MERGED from [:url_launcher_android] AndroidManifest.xml:7:5-12:19
MERGED from [:url_launcher_android] AndroidManifest.xml:7:5-12:19
MERGED from [androidx.window:window:1.0.0-beta04] AndroidManifest.xml:24:5-31:19
MERGED from [androidx.window:window:1.0.0-beta04] AndroidManifest.xml:24:5-31:19
MERGED from [org.tensorflow:tensorflow-lite:2.11.0] AndroidManifest.xml:10:5-20
MERGED from [org.tensorflow:tensorflow-lite:2.11.0] AndroidManifest.xml:10:5-20
MERGED from [org.tensorflow:tensorflow-lite-gpu:2.11.0] AndroidManifest.xml:10:5-20
MERGED from [org.tensorflow:tensorflow-lite-gpu:2.11.0] AndroidManifest.xml:10:5-20
MERGED from [com.google.android.gms:play-services-maps:18.1.0] AndroidManifest.xml:36:5-42:19
MERGED from [com.google.android.gms:play-services-maps:18.1.0] AndroidManifest.xml:36:5-42:19
MERGED from [com.google.android.gms:play-services-location:16.0.0] AndroidManifest.xml:7:5-20
MERGED from [com.google.android.gms:play-services-location:16.0.0] AndroidManifest.xml:7:5-20
MERGED from [com.google.android.gms:play-services-base:18.0.1] AndroidManifest.xml:19:5-23:19
MERGED from [com.google.android.gms:play-services-base:18.0.1] AndroidManifest.xml:19:5-23:19
MERGED from [com.google.android.gms:play-services-places-placereport:16.0.0] AndroidManifest.xml:22:5-20
MERGED from [com.google.android.gms:play-services-places-placereport:16.0.0] AndroidManifest.xml:22:5-20
MERGED from [com.google.android.gms:play-services-tasks:18.0.1] AndroidManifest.xml:5:5-20
MERGED from [com.google.android.gms:play-services-tasks:18.0.1] AndroidManifest.xml:5:5-20
MERGED from [com.google.android.gms:play-services-basement:18.0.0] AndroidManifest.xml:20:5-24:19
MERGED from [com.google.android.gms:play-services-basement:18.0.0] AndroidManifest.xml:20:5-24:19
MERGED from [androidx.emoji2:emoji2:1.0.0] AndroidManifest.xml:25:5-35:19
MERGED from [androidx.emoji2:emoji2:1.0.0] AndroidManifest.xml:25:5-35:19
MERGED from [androidx.lifecycle:lifecycle-process:2.4.0] AndroidManifest.xml:25:5-35:19
MERGED from [androidx.lifecycle:lifecycle-process:2.4.0] AndroidManifest.xml:25:5-35:19
MERGED from [androidx.startup:startup-runtime:1.0.0] AndroidManifest.xml:25:5-31:19
MERGED from [androidx.startup:startup-runtime:1.0.0] AndroidManifest.xml:25:5-31:19
MERGED from [androidx.core:core:1.7.0] AndroidManifest.xml:24:5-89
MERGED from [androidx.core:core:1.7.0] AndroidManifest.xml:24:5-89
MERGED from [androidx.versionedparcelable:versionedparcelable:1.1.1] AndroidManifest.xml:24:5-25:19
MERGED from [androidx.versionedparcelable:versionedparcelable:1.1.1] AndroidManifest.xml:24:5-25:19
MERGED from [io.agora.rtc:full-screen-sharing:3.7.0.3] AndroidManifest.xml:13:5-29:19
MERGED from [io.agora.rtc:full-screen-sharing:3.7.0.3] AndroidManifest.xml:13:5-29:19
MERGED from [com.jakewharton.threetenabp:threetenabp:1.2.3] AndroidManifest.xml:7:5-20
MERGED from [com.jakewharton.threetenabp:threetenabp:1.2.3] AndroidManifest.xml:7:5-20
MERGED from [com.journeyapps:zxing-android-embedded:4.3.0] AndroidManifest.xml:46:5-54:19
MERGED from [com.journeyapps:zxing-android-embedded:4.3.0] AndroidManifest.xml:46:5-54:19
MERGED from [org.tensorflow:tensorflow-lite-api:2.11.0] AndroidManifest.xml:10:5-20
MERGED from [org.tensorflow:tensorflow-lite-api:2.11.0] AndroidManifest.xml:10:5-20
	android:appComponentFactory
		ADDED from [androidx.core:core:1.7.0] AndroidManifest.xml:24:18-86
	android:label
		ADDED from src/main/AndroidManifest.xml:14:9-28
	android:icon
		ADDED from src/main/AndroidManifest.xml:16:9-43
	android:name
		INJECTED from src/main/AndroidManifest.xml
		ADDED from src/main/AndroidManifest.xml:15:9-42
manifest
ADDED from src/main/AndroidManifest.xml:1:1-44:12
INJECTED from src/main/AndroidManifest.xml:1:1-44:12
INJECTED from src/main/AndroidManifest.xml:1:1-44:12
INJECTED from src/main/AndroidManifest.xml:1:1-44:12
MERGED from [:shared_preferences_android] AndroidManifest.xml:2:1-7:12
MERGED from [:permission_handler_android] AndroidManifest.xml:2:1-7:12
MERGED from [:tflite] AndroidManifest.xml:2:1-7:12
MERGED from [:camera_android] AndroidManifest.xml:2:1-12:12
MERGED from [:google_maps_flutter_android] AndroidManifest.xml:2:1-7:12
MERGED from [:flutter_plugin_android_lifecycle] AndroidManifest.xml:2:1-7:12
MERGED from [:agora_rtc_engine] AndroidManifest.xml:2:1-21:12
MERGED from [:flutter_local_notifications] AndroidManifest.xml:2:1-29:12
MERGED from [:url_launcher_android] AndroidManifest.xml:2:1-14:12
MERGED from [:qr_code_scanner] AndroidManifest.xml:2:1-11:12
MERGED from [:location] AndroidManifest.xml:2:1-10:12
MERGED from [androidx.window:window-java:1.0.0-beta04] AndroidManifest.xml:17:1-23:12
MERGED from [androidx.window:window:1.0.0-beta04] AndroidManifest.xml:17:1-33:12
MERGED from [org.tensorflow:tensorflow-lite:2.11.0] AndroidManifest.xml:2:1-12:12
MERGED from [org.tensorflow:tensorflow-lite-gpu:2.11.0] AndroidManifest.xml:2:1-12:12
MERGED from [androidx.appcompat:appcompat:1.4.2] AndroidManifest.xml:17:1-24:12
MERGED from [com.google.android.gms:play-services-maps:18.1.0] AndroidManifest.xml:17:1-44:12
MERGED from [com.google.android.gms:play-services-location:16.0.0] AndroidManifest.xml:2:1-9:12
MERGED from [com.google.android.gms:play-services-base:18.0.1] AndroidManifest.xml:16:1-24:12
MERGED from [com.google.android.gms:play-services-places-placereport:16.0.0] AndroidManifest.xml:17:1-24:12
MERGED from [com.google.android.gms:play-services-tasks:18.0.1] AndroidManifest.xml:2:1-6:12
MERGED from [com.google.android.gms:play-services-basement:18.0.0] AndroidManifest.xml:16:1-26:12
MERGED from [androidx.fragment:fragment:1.3.6] AndroidManifest.xml:17:1-24:12
MERGED from [androidx.activity:activity:1.2.4] AndroidManifest.xml:17:1-24:12
MERGED from [androidx.emoji2:emoji2-views-helper:1.0.0] AndroidManifest.xml:17:1-24:12
MERGED from [androidx.emoji2:emoji2:1.0.0] AndroidManifest.xml:17:1-37:12
MERGED from [androidx.lifecycle:lifecycle-process:2.4.0] AndroidManifest.xml:17:1-37:12
MERGED from [androidx.startup:startup-runtime:1.0.0] AndroidManifest.xml:17:1-33:12
MERGED from [androidx.tracing:tracing:1.0.0] AndroidManifest.xml:17:1-24:12
MERGED from [androidx.media:media:1.1.0] AndroidManifest.xml:17:1-24:12
MERGED from [androidx.appcompat:appcompat-resources:1.4.2] AndroidManifest.xml:17:1-24:12
MERGED from [androidx.drawerlayout:drawerlayout:1.0.0] AndroidManifest.xml:17:1-22:12
MERGED from [androidx.viewpager:viewpager:1.0.0] AndroidManifest.xml:17:1-22:12
MERGED from [androidx.loader:loader:1.0.0] AndroidManifest.xml:17:1-22:12
MERGED from [androidx.vectordrawable:vectordrawable-animated:1.1.0] AndroidManifest.xml:17:1-24:12
MERGED from [androidx.vectordrawable:vectordrawable:1.1.0] AndroidManifest.xml:17:1-24:12
MERGED from [androidx.customview:customview:1.0.0] AndroidManifest.xml:17:1-22:12
MERGED from [androidx.core:core:1.7.0] AndroidManifest.xml:17:1-26:12
MERGED from [androidx.cursoradapter:cursoradapter:1.0.0] AndroidManifest.xml:17:1-22:12
MERGED from [androidx.lifecycle:lifecycle-viewmodel-savedstate:2.3.1] AndroidManifest.xml:17:1-24:12
MERGED from [androidx.savedstate:savedstate:1.1.0] AndroidManifest.xml:17:1-24:12
MERGED from [androidx.lifecycle:lifecycle-viewmodel:2.3.1] AndroidManifest.xml:17:1-24:12
MERGED from [androidx.versionedparcelable:versionedparcelable:1.1.1] AndroidManifest.xml:17:1-27:12
MERGED from [androidx.lifecycle:lifecycle-livedata:2.0.0] AndroidManifest.xml:17:1-22:12
MERGED from [androidx.lifecycle:lifecycle-livedata-core:2.3.1] AndroidManifest.xml:17:1-24:12
MERGED from [androidx.lifecycle:lifecycle-runtime:2.4.0] AndroidManifest.xml:17:1-24:12
MERGED from [androidx.arch.core:core-runtime:2.1.0] AndroidManifest.xml:17:1-24:12
MERGED from [androidx.interpolator:interpolator:1.0.0] AndroidManifest.xml:17:1-22:12
MERGED from [io.agora.rtc:full-sdk:3.7.0.3] AndroidManifest.xml:2:1-11:12
MERGED from [io.agora.rtc:iris-rtc:3.7.0.3] AndroidManifest.xml:2:1-11:12
MERGED from [io.agora.rtc:full-screen-sharing:3.7.0.3] AndroidManifest.xml:2:1-31:12
MERGED from [com.jakewharton.threetenabp:threetenabp:1.2.3] AndroidManifest.xml:2:1-9:12
MERGED from [com.journeyapps:zxing-android-embedded:4.3.0] AndroidManifest.xml:17:1-56:12
MERGED from [org.tensorflow:tensorflow-lite-api:2.11.0] AndroidManifest.xml:2:1-12:12
MERGED from [androidx.annotation:annotation-experimental:1.1.0] AndroidManifest.xml:17:1-24:12
INJECTED from src/main/AndroidManifest.xml:1:1-44:12
INJECTED from src/main/AndroidManifest.xml:1:1-44:12
INJECTED from src/main/AndroidManifest.xml:1:1-44:12
	package
		ADDED from src/main/AndroidManifest.xml:2:5-30
		INJECTED from src/main/AndroidManifest.xml
		INJECTED from src/main/AndroidManifest.xml
	android:versionName
		INJECTED from src/main/AndroidManifest.xml
		ADDED from src/main/AndroidManifest.xml:1:1-44:12
		INJECTED from src/main/AndroidManifest.xml
	android:versionCode
		INJECTED from src/main/AndroidManifest.xml
		ADDED from src/main/AndroidManifest.xml:1:1-44:12
		INJECTED from src/main/AndroidManifest.xml
	xmlns:android
		ADDED from src/main/AndroidManifest.xml:1:11-69
uses-permission#android.permission.READ_PHONE_STATE
ADDED from src/main/AndroidManifest.xml:3:6-76
MERGED from [:agora_rtc_engine] AndroidManifest.xml:8:5-75
MERGED from [:agora_rtc_engine] AndroidManifest.xml:8:5-75
	android:name
		ADDED from src/main/AndroidManifest.xml:3:23-73
uses-permission#android.permission.INTERNET
ADDED from src/main/AndroidManifest.xml:4:3-65
MERGED from [:agora_rtc_engine] AndroidManifest.xml:9:5-67
MERGED from [:agora_rtc_engine] AndroidManifest.xml:9:5-67
MERGED from [com.google.android.gms:play-services-maps:18.1.0] AndroidManifest.xml:24:5-67
MERGED from [com.google.android.gms:play-services-maps:18.1.0] AndroidManifest.xml:24:5-67
	android:name
		ADDED from src/main/AndroidManifest.xml:4:20-62
uses-permission#android.permission.RECORD_AUDIO
ADDED from src/main/AndroidManifest.xml:5:3-69
MERGED from [:camera_android] AndroidManifest.xml:10:5-71
MERGED from [:camera_android] AndroidManifest.xml:10:5-71
MERGED from [:agora_rtc_engine] AndroidManifest.xml:10:5-71
MERGED from [:agora_rtc_engine] AndroidManifest.xml:10:5-71
	android:name
		ADDED from src/main/AndroidManifest.xml:5:20-66
uses-permission#android.permission.CAMERA
ADDED from src/main/AndroidManifest.xml:6:3-63
MERGED from [:camera_android] AndroidManifest.xml:9:5-65
MERGED from [:camera_android] AndroidManifest.xml:9:5-65
MERGED from [:agora_rtc_engine] AndroidManifest.xml:11:5-65
MERGED from [:agora_rtc_engine] AndroidManifest.xml:11:5-65
MERGED from [com.journeyapps:zxing-android-embedded:4.3.0] AndroidManifest.xml:22:5-65
MERGED from [com.journeyapps:zxing-android-embedded:4.3.0] AndroidManifest.xml:22:5-65
	android:name
		ADDED from src/main/AndroidManifest.xml:6:20-60
uses-permission#android.permission.MODIFY_AUDIO_SETTINGS
ADDED from src/main/AndroidManifest.xml:7:3-78
MERGED from [:agora_rtc_engine] AndroidManifest.xml:12:5-80
MERGED from [:agora_rtc_engine] AndroidManifest.xml:12:5-80
	android:name
		ADDED from src/main/AndroidManifest.xml:7:20-75
uses-permission#android.permission.ACCESS_NETWORK_STATE
ADDED from src/main/AndroidManifest.xml:8:3-77
MERGED from [:agora_rtc_engine] AndroidManifest.xml:13:5-79
MERGED from [:agora_rtc_engine] AndroidManifest.xml:13:5-79
MERGED from [com.google.android.gms:play-services-maps:18.1.0] AndroidManifest.xml:23:5-79
MERGED from [com.google.android.gms:play-services-maps:18.1.0] AndroidManifest.xml:23:5-79
	android:name
		ADDED from src/main/AndroidManifest.xml:8:20-74
uses-permission#android.permission.BLUETOOTH
ADDED from src/main/AndroidManifest.xml:9:3-66
MERGED from [:agora_rtc_engine] AndroidManifest.xml:14:5-68
MERGED from [:agora_rtc_engine] AndroidManifest.xml:14:5-68
	android:name
		ADDED from src/main/AndroidManifest.xml:9:20-63
uses-permission#android.permission.ACCESS_WIFI_STATE
ADDED from src/main/AndroidManifest.xml:10:3-74
MERGED from [:agora_rtc_engine] AndroidManifest.xml:15:5-76
MERGED from [:agora_rtc_engine] AndroidManifest.xml:15:5-76
	android:name
		ADDED from src/main/AndroidManifest.xml:10:20-71
uses-permission#android.permission.READ_EXTERNAL_STORAGE
ADDED from src/main/AndroidManifest.xml:11:3-78
MERGED from [:agora_rtc_engine] AndroidManifest.xml:16:5-80
MERGED from [:agora_rtc_engine] AndroidManifest.xml:16:5-80
	android:name
		ADDED from src/main/AndroidManifest.xml:11:20-75
uses-permission#android.permission.WAKE_LOCK
ADDED from src/main/AndroidManifest.xml:12:3-66
	android:name
		ADDED from src/main/AndroidManifest.xml:12:20-63
uses-sdk
INJECTED from src/main/AndroidManifest.xml reason: use-sdk injection requested
INJECTED from src/main/AndroidManifest.xml
INJECTED from src/main/AndroidManifest.xml
MERGED from [:shared_preferences_android] AndroidManifest.xml:5:5-44
MERGED from [:shared_preferences_android] AndroidManifest.xml:5:5-44
MERGED from [:permission_handler_android] AndroidManifest.xml:5:5-44
MERGED from [:permission_handler_android] AndroidManifest.xml:5:5-44
MERGED from [:tflite] AndroidManifest.xml:5:5-44
MERGED from [:tflite] AndroidManifest.xml:5:5-44
MERGED from [:camera_android] AndroidManifest.xml:5:5-7:41
MERGED from [:camera_android] AndroidManifest.xml:5:5-7:41
MERGED from [:google_maps_flutter_android] AndroidManifest.xml:5:5-44
MERGED from [:google_maps_flutter_android] AndroidManifest.xml:5:5-44
MERGED from [:flutter_plugin_android_lifecycle] AndroidManifest.xml:5:5-44
MERGED from [:flutter_plugin_android_lifecycle] AndroidManifest.xml:5:5-44
MERGED from [:agora_rtc_engine] AndroidManifest.xml:6:5-44
MERGED from [:agora_rtc_engine] AndroidManifest.xml:6:5-44
MERGED from [:flutter_local_notifications] AndroidManifest.xml:5:5-44
MERGED from [:flutter_local_notifications] AndroidManifest.xml:5:5-44
MERGED from [:url_launcher_android] AndroidManifest.xml:5:5-44
MERGED from [:url_launcher_android] AndroidManifest.xml:5:5-44
MERGED from [:qr_code_scanner] AndroidManifest.xml:6:5-9:67
MERGED from [:qr_code_scanner] AndroidManifest.xml:6:5-9:67
MERGED from [:location] AndroidManifest.xml:5:5-44
MERGED from [:location] AndroidManifest.xml:5:5-44
MERGED from [androidx.window:window-java:1.0.0-beta04] AndroidManifest.xml:19:5-21:41
MERGED from [androidx.window:window-java:1.0.0-beta04] AndroidManifest.xml:19:5-21:41
MERGED from [androidx.window:window:1.0.0-beta04] AndroidManifest.xml:20:5-22:41
MERGED from [androidx.window:window:1.0.0-beta04] AndroidManifest.xml:20:5-22:41
MERGED from [org.tensorflow:tensorflow-lite:2.11.0] AndroidManifest.xml:7:5-8:41
MERGED from [org.tensorflow:tensorflow-lite:2.11.0] AndroidManifest.xml:7:5-8:41
MERGED from [org.tensorflow:tensorflow-lite-gpu:2.11.0] AndroidManifest.xml:7:5-8:41
MERGED from [org.tensorflow:tensorflow-lite-gpu:2.11.0] AndroidManifest.xml:7:5-8:41
MERGED from [androidx.appcompat:appcompat:1.4.2] AndroidManifest.xml:20:5-22:41
MERGED from [androidx.appcompat:appcompat:1.4.2] AndroidManifest.xml:20:5-22:41
MERGED from [com.google.android.gms:play-services-maps:18.1.0] AndroidManifest.xml:20:5-44
MERGED from [com.google.android.gms:play-services-maps:18.1.0] AndroidManifest.xml:20:5-44
MERGED from [com.google.android.gms:play-services-location:16.0.0] AndroidManifest.xml:5:5-44
MERGED from [com.google.android.gms:play-services-location:16.0.0] AndroidManifest.xml:5:5-44
MERGED from [com.google.android.gms:play-services-base:18.0.1] AndroidManifest.xml:18:5-43
MERGED from [com.google.android.gms:play-services-base:18.0.1] AndroidManifest.xml:18:5-43
MERGED from [com.google.android.gms:play-services-places-placereport:16.0.0] AndroidManifest.xml:20:5-44
MERGED from [com.google.android.gms:play-services-places-placereport:16.0.0] AndroidManifest.xml:20:5-44
MERGED from [com.google.android.gms:play-services-tasks:18.0.1] AndroidManifest.xml:4:5-43
MERGED from [com.google.android.gms:play-services-tasks:18.0.1] AndroidManifest.xml:4:5-43
MERGED from [com.google.android.gms:play-services-basement:18.0.0] AndroidManifest.xml:18:5-43
MERGED from [com.google.android.gms:play-services-basement:18.0.0] AndroidManifest.xml:18:5-43
MERGED from [androidx.fragment:fragment:1.3.6] AndroidManifest.xml:20:5-22:41
MERGED from [androidx.fragment:fragment:1.3.6] AndroidManifest.xml:20:5-22:41
MERGED from [androidx.activity:activity:1.2.4] AndroidManifest.xml:20:5-22:41
MERGED from [androidx.activity:activity:1.2.4] AndroidManifest.xml:20:5-22:41
MERGED from [androidx.emoji2:emoji2-views-helper:1.0.0] AndroidManifest.xml:20:5-22:41
MERGED from [androidx.emoji2:emoji2-views-helper:1.0.0] AndroidManifest.xml:20:5-22:41
MERGED from [androidx.emoji2:emoji2:1.0.0] AndroidManifest.xml:21:5-23:41
MERGED from [androidx.emoji2:emoji2:1.0.0] AndroidManifest.xml:21:5-23:41
MERGED from [androidx.lifecycle:lifecycle-process:2.4.0] AndroidManifest.xml:21:5-23:41
MERGED from [androidx.lifecycle:lifecycle-process:2.4.0] AndroidManifest.xml:21:5-23:41
MERGED from [androidx.startup:startup-runtime:1.0.0] AndroidManifest.xml:21:5-23:41
MERGED from [androidx.startup:startup-runtime:1.0.0] AndroidManifest.xml:21:5-23:41
MERGED from [androidx.tracing:tracing:1.0.0] AndroidManifest.xml:20:5-22:41
MERGED from [androidx.tracing:tracing:1.0.0] AndroidManifest.xml:20:5-22:41
MERGED from [androidx.media:media:1.1.0] AndroidManifest.xml:20:5-22:41
MERGED from [androidx.media:media:1.1.0] AndroidManifest.xml:20:5-22:41
MERGED from [androidx.appcompat:appcompat-resources:1.4.2] AndroidManifest.xml:20:5-22:41
MERGED from [androidx.appcompat:appcompat-resources:1.4.2] AndroidManifest.xml:20:5-22:41
MERGED from [androidx.drawerlayout:drawerlayout:1.0.0] AndroidManifest.xml:20:5-44
MERGED from [androidx.drawerlayout:drawerlayout:1.0.0] AndroidManifest.xml:20:5-44
MERGED from [androidx.viewpager:viewpager:1.0.0] AndroidManifest.xml:20:5-44
MERGED from [androidx.viewpager:viewpager:1.0.0] AndroidManifest.xml:20:5-44
MERGED from [androidx.loader:loader:1.0.0] AndroidManifest.xml:20:5-44
MERGED from [androidx.loader:loader:1.0.0] AndroidManifest.xml:20:5-44
MERGED from [androidx.vectordrawable:vectordrawable-animated:1.1.0] AndroidManifest.xml:20:5-22:41
MERGED from [androidx.vectordrawable:vectordrawable-animated:1.1.0] AndroidManifest.xml:20:5-22:41
MERGED from [androidx.vectordrawable:vectordrawable:1.1.0] AndroidManifest.xml:20:5-22:41
MERGED from [androidx.vectordrawable:vectordrawable:1.1.0] AndroidManifest.xml:20:5-22:41
MERGED from [androidx.customview:customview:1.0.0] AndroidManifest.xml:20:5-44
MERGED from [androidx.customview:customview:1.0.0] AndroidManifest.xml:20:5-44
MERGED from [androidx.core:core:1.7.0] AndroidManifest.xml:20:5-22:41
MERGED from [androidx.core:core:1.7.0] AndroidManifest.xml:20:5-22:41
MERGED from [androidx.cursoradapter:cursoradapter:1.0.0] AndroidManifest.xml:20:5-44
MERGED from [androidx.cursoradapter:cursoradapter:1.0.0] AndroidManifest.xml:20:5-44
MERGED from [androidx.lifecycle:lifecycle-viewmodel-savedstate:2.3.1] AndroidManifest.xml:20:5-22:41
MERGED from [androidx.lifecycle:lifecycle-viewmodel-savedstate:2.3.1] AndroidManifest.xml:20:5-22:41
MERGED from [androidx.savedstate:savedstate:1.1.0] AndroidManifest.xml:20:5-22:41
MERGED from [androidx.savedstate:savedstate:1.1.0] AndroidManifest.xml:20:5-22:41
MERGED from [androidx.lifecycle:lifecycle-viewmodel:2.3.1] AndroidManifest.xml:20:5-22:41
MERGED from [androidx.lifecycle:lifecycle-viewmodel:2.3.1] AndroidManifest.xml:20:5-22:41
MERGED from [androidx.versionedparcelable:versionedparcelable:1.1.1] AndroidManifest.xml:20:5-22:41
MERGED from [androidx.versionedparcelable:versionedparcelable:1.1.1] AndroidManifest.xml:20:5-22:41
MERGED from [androidx.lifecycle:lifecycle-livedata:2.0.0] AndroidManifest.xml:20:5-44
MERGED from [androidx.lifecycle:lifecycle-livedata:2.0.0] AndroidManifest.xml:20:5-44
MERGED from [androidx.lifecycle:lifecycle-livedata-core:2.3.1] AndroidManifest.xml:20:5-22:41
MERGED from [androidx.lifecycle:lifecycle-livedata-core:2.3.1] AndroidManifest.xml:20:5-22:41
MERGED from [androidx.lifecycle:lifecycle-runtime:2.4.0] AndroidManifest.xml:20:5-22:41
MERGED from [androidx.lifecycle:lifecycle-runtime:2.4.0] AndroidManifest.xml:20:5-22:41
MERGED from [androidx.arch.core:core-runtime:2.1.0] AndroidManifest.xml:20:5-22:41
MERGED from [androidx.arch.core:core-runtime:2.1.0] AndroidManifest.xml:20:5-22:41
MERGED from [androidx.interpolator:interpolator:1.0.0] AndroidManifest.xml:20:5-44
MERGED from [androidx.interpolator:interpolator:1.0.0] AndroidManifest.xml:20:5-44
MERGED from [io.agora.rtc:full-sdk:3.7.0.3] AndroidManifest.xml:7:5-9:41
MERGED from [io.agora.rtc:full-sdk:3.7.0.3] AndroidManifest.xml:7:5-9:41
MERGED from [io.agora.rtc:iris-rtc:3.7.0.3] AndroidManifest.xml:7:5-9:41
MERGED from [io.agora.rtc:iris-rtc:3.7.0.3] AndroidManifest.xml:7:5-9:41
MERGED from [io.agora.rtc:full-screen-sharing:3.7.0.3] AndroidManifest.xml:7:5-9:41
MERGED from [io.agora.rtc:full-screen-sharing:3.7.0.3] AndroidManifest.xml:7:5-9:41
MERGED from [com.jakewharton.threetenabp:threetenabp:1.2.3] AndroidManifest.xml:5:5-44
MERGED from [com.jakewharton.threetenabp:threetenabp:1.2.3] AndroidManifest.xml:5:5-44
MERGED from [com.journeyapps:zxing-android-embedded:4.3.0] AndroidManifest.xml:20:5-44
MERGED from [com.journeyapps:zxing-android-embedded:4.3.0] AndroidManifest.xml:20:5-44
MERGED from [org.tensorflow:tensorflow-lite-api:2.11.0] AndroidManifest.xml:7:5-8:41
MERGED from [org.tensorflow:tensorflow-lite-api:2.11.0] AndroidManifest.xml:7:5-8:41
MERGED from [androidx.annotation:annotation-experimental:1.1.0] AndroidManifest.xml:20:5-22:41
MERGED from [androidx.annotation:annotation-experimental:1.1.0] AndroidManifest.xml:20:5-22:41
INJECTED from src/main/AndroidManifest.xml
INJECTED from src/main/AndroidManifest.xml
	tools:overrideLibrary
		ADDED from [:qr_code_scanner] AndroidManifest.xml:9:9-64
	android:targetSdkVersion
		INJECTED from src/main/AndroidManifest.xml
		ADDED from src/main/AndroidManifest.xml
		INJECTED from src/main/AndroidManifest.xml
	android:minSdkVersion
		INJECTED from src/main/AndroidManifest.xml
		ADDED from src/main/AndroidManifest.xml
		MERGED from src/main/AndroidManifest.xml
		MERGED from src/main/AndroidManifest.xml
		MERGED from src/main/AndroidManifest.xml
		INJECTED from src/main/AndroidManifest.xml
activity#com.example.asl.MainActivity
ADDED from src/main/AndroidManifest.xml:17:9-37:20
	android:launchMode
		ADDED from src/main/AndroidManifest.xml:20:13-43
	android:hardwareAccelerated
		ADDED from src/main/AndroidManifest.xml:23:13-47
	android:windowSoftInputMode
		ADDED from src/main/AndroidManifest.xml:24:13-55
	android:exported
		ADDED from src/main/AndroidManifest.xml:19:13-36
	android:configChanges
		ADDED from src/main/AndroidManifest.xml:22:13-163
	android:theme
		ADDED from src/main/AndroidManifest.xml:21:13-47
	android:name
		ADDED from src/main/AndroidManifest.xml:18:13-41
meta-data#io.flutter.embedding.android.NormalTheme
ADDED from src/main/AndroidManifest.xml:29:13-32:17
	android:resource
		ADDED from src/main/AndroidManifest.xml:31:15-52
	android:name
		ADDED from src/main/AndroidManifest.xml:30:15-70
intent-filter#action:name:android.intent.action.MAIN+category:name:android.intent.category.LAUNCHER
ADDED from src/main/AndroidManifest.xml:33:13-36:29
action#android.intent.action.MAIN
ADDED from src/main/AndroidManifest.xml:34:17-68
	android:name
		ADDED from src/main/AndroidManifest.xml:34:25-66
category#android.intent.category.LAUNCHER
ADDED from src/main/AndroidManifest.xml:35:17-76
	android:name
		ADDED from src/main/AndroidManifest.xml:35:27-74
meta-data#flutterEmbedding
ADDED from src/main/AndroidManifest.xml:40:9-42:33
	android:value
		ADDED from src/main/AndroidManifest.xml:42:13-30
	android:name
		ADDED from src/main/AndroidManifest.xml:41:13-44
uses-permission#android.permission.READ_PRIVILEGED_PHONE_STATE
ADDED from [:agora_rtc_engine] AndroidManifest.xml:17:5-19:47
	tools:ignore
		ADDED from [:agora_rtc_engine] AndroidManifest.xml:19:9-44
	android:name
		ADDED from [:agora_rtc_engine] AndroidManifest.xml:18:9-70
uses-permission#android.permission.RECEIVE_BOOT_COMPLETED
ADDED from [:flutter_local_notifications] AndroidManifest.xml:7:5-81
	android:name
		ADDED from [:flutter_local_notifications] AndroidManifest.xml:7:22-78
uses-permission#android.permission.VIBRATE
ADDED from [:flutter_local_notifications] AndroidManifest.xml:8:5-66
	android:name
		ADDED from [:flutter_local_notifications] AndroidManifest.xml:8:22-63
uses-permission#android.permission.USE_FULL_SCREEN_INTENT
ADDED from [:flutter_local_notifications] AndroidManifest.xml:9:5-81
	android:name
		ADDED from [:flutter_local_notifications] AndroidManifest.xml:9:22-78
uses-permission#android.permission.SCHEDULE_EXACT_ALARM
ADDED from [:flutter_local_notifications] AndroidManifest.xml:10:5-79
	android:name
		ADDED from [:flutter_local_notifications] AndroidManifest.xml:10:22-76
uses-permission#android.permission.POST_NOTIFICATIONS
ADDED from [:flutter_local_notifications] AndroidManifest.xml:11:5-77
	android:name
		ADDED from [:flutter_local_notifications] AndroidManifest.xml:11:22-74
receiver#com.dexterous.flutterlocalnotifications.ScheduledNotificationReceiver
ADDED from [:flutter_local_notifications] AndroidManifest.xml:14:9-16:40
	android:exported
		ADDED from [:flutter_local_notifications] AndroidManifest.xml:16:13-37
	android:name
		ADDED from [:flutter_local_notifications] AndroidManifest.xml:15:13-97
receiver#com.dexterous.flutterlocalnotifications.ScheduledNotificationBootReceiver
ADDED from [:flutter_local_notifications] AndroidManifest.xml:17:9-26:20
	android:exported
		ADDED from [:flutter_local_notifications] AndroidManifest.xml:19:13-37
	android:name
		ADDED from [:flutter_local_notifications] AndroidManifest.xml:18:13-101
intent-filter#action:name:android.intent.action.BOOT_COMPLETED+action:name:android.intent.action.MY_PACKAGE_REPLACED+action:name:android.intent.action.QUICKBOOT_POWERON+action:name:com.htc.intent.action.QUICKBOOT_POWERON
ADDED from [:flutter_local_notifications] AndroidManifest.xml:20:13-25:29
action#android.intent.action.BOOT_COMPLETED
ADDED from [:flutter_local_notifications] AndroidManifest.xml:21:17-79
	android:name
		ADDED from [:flutter_local_notifications] AndroidManifest.xml:21:25-76
action#android.intent.action.MY_PACKAGE_REPLACED
ADDED from [:flutter_local_notifications] AndroidManifest.xml:22:17-84
	android:name
		ADDED from [:flutter_local_notifications] AndroidManifest.xml:22:25-81
action#android.intent.action.QUICKBOOT_POWERON
ADDED from [:flutter_local_notifications] AndroidManifest.xml:23:17-82
	android:name
		ADDED from [:flutter_local_notifications] AndroidManifest.xml:23:25-79
action#com.htc.intent.action.QUICKBOOT_POWERON
ADDED from [:flutter_local_notifications] AndroidManifest.xml:24:17-82
	android:name
		ADDED from [:flutter_local_notifications] AndroidManifest.xml:24:25-79
activity#io.flutter.plugins.urllauncher.WebViewActivity
ADDED from [:url_launcher_android] AndroidManifest.xml:8:9-11:74
	android:exported
		ADDED from [:url_launcher_android] AndroidManifest.xml:10:13-37
	android:theme
		ADDED from [:url_launcher_android] AndroidManifest.xml:11:13-71
	android:name
		ADDED from [:url_launcher_android] AndroidManifest.xml:9:13-74
uses-permission#android.permission.ACCESS_COARSE_LOCATION
ADDED from [:location] AndroidManifest.xml:7:5-81
	android:name
		ADDED from [:location] AndroidManifest.xml:7:22-78
uses-permission#android.permission.ACCESS_FINE_LOCATION
ADDED from [:location] AndroidManifest.xml:8:5-79
	android:name
		ADDED from [:location] AndroidManifest.xml:8:22-76
uses-library#androidx.window.extensions
ADDED from [androidx.window:window:1.0.0-beta04] AndroidManifest.xml:25:9-27:40
	android:required
		ADDED from [androidx.window:window:1.0.0-beta04] AndroidManifest.xml:27:13-37
	android:name
		ADDED from [androidx.window:window:1.0.0-beta04] AndroidManifest.xml:26:13-54
uses-library#androidx.window.sidecar
ADDED from [androidx.window:window:1.0.0-beta04] AndroidManifest.xml:28:9-30:40
	android:required
		ADDED from [androidx.window:window:1.0.0-beta04] AndroidManifest.xml:30:13-37
	android:name
		ADDED from [androidx.window:window:1.0.0-beta04] AndroidManifest.xml:29:13-51
uses-feature#0x00020000
ADDED from [com.google.android.gms:play-services-maps:18.1.0] AndroidManifest.xml:26:5-28:35
	android:glEsVersion
		ADDED from [com.google.android.gms:play-services-maps:18.1.0] AndroidManifest.xml:27:9-41
	android:required
		ADDED from [com.google.android.gms:play-services-maps:18.1.0] AndroidManifest.xml:28:9-32
queries
ADDED from [com.google.android.gms:play-services-maps:18.1.0] AndroidManifest.xml:30:5-34:15
package#com.google.android.apps.maps
ADDED from [com.google.android.gms:play-services-maps:18.1.0] AndroidManifest.xml:33:9-64
	android:name
		ADDED from [com.google.android.gms:play-services-maps:18.1.0] AndroidManifest.xml:33:18-61
uses-library#org.apache.http.legacy
ADDED from [com.google.android.gms:play-services-maps:18.1.0] AndroidManifest.xml:39:9-41:40
	android:required
		ADDED from [com.google.android.gms:play-services-maps:18.1.0] AndroidManifest.xml:41:13-37
	android:name
		ADDED from [com.google.android.gms:play-services-maps:18.1.0] AndroidManifest.xml:40:13-50
activity#com.google.android.gms.common.api.GoogleApiActivity
ADDED from [com.google.android.gms:play-services-base:18.0.1] AndroidManifest.xml:20:9-22:45
	android:exported
		ADDED from [com.google.android.gms:play-services-base:18.0.1] AndroidManifest.xml:22:19-43
	android:theme
		ADDED from [com.google.android.gms:play-services-base:18.0.1] AndroidManifest.xml:21:19-78
	android:name
		ADDED from [com.google.android.gms:play-services-base:18.0.1] AndroidManifest.xml:20:19-85
meta-data#com.google.android.gms.version